{"/workspace/subjecto/src/subject.ts": {"path":"/workspace/subjecto/src/subject.ts","statementMap":{"0":{"start":{"line":1,"column":0},"end":{"line":1,"column":30}},"1":{"start":{"line":26,"column":0},"end":{"line":26,"column":null}},"2":{"start":{"line":28,"column":4},"end":{"line":28,"column":30}},"3":{"start":{"line":29,"column":4},"end":{"line":29,"column":26}},"4":{"start":{"line":30,"column":4},"end":{"line":30,"column":33}},"5":{"start":{"line":31,"column":4},"end":{"line":31,"column":23}},"6":{"start":{"line":32,"column":4},"end":{"line":32,"column":43}},"7":{"start":{"line":32,"column":33},"end":{"line":32,"column":43}},"8":{"start":{"line":34,"column":0},"end":{"line":34,"column":null}},"9":{"start":{"line":36,"column":0},"end":{"line":57,"column":2}},"10":{"start":{"line":36,"column":25},"end":{"line":36,"column":35}},"11":{"start":{"line":37,"column":2},"end":{"line":37,"column":38}},"12":{"start":{"line":38,"column":2},"end":{"line":42,"column":5}},"13":{"start":{"line":39,"column":4},"end":{"line":41,"column":null}},"14":{"start":{"line":40,"column":6},"end":{"line":40,"column":40}},"15":{"start":{"line":43,"column":2},"end":{"line":56,"column":null}},"16":{"start":{"line":44,"column":4},"end":{"line":55,"column":null}},"17":{"start":{"line":45,"column":6},"end":{"line":45,"column":28}},"18":{"start":{"line":46,"column":6},"end":{"line":46,"column":28}},"19":{"start":{"line":48,"column":6},"end":{"line":48,"column":26}},"20":{"start":{"line":49,"column":6},"end":{"line":49,"column":46}},"21":{"start":{"line":50,"column":6},"end":{"line":53,"column":8}},"22":{"start":{"line":54,"column":6},"end":{"line":54,"column":31}},"23":{"start":{"line":59,"column":0},"end":{"line":65,"column":2}},"24":{"start":{"line":60,"column":2},"end":{"line":64,"column":null}},"25":{"start":{"line":61,"column":4},"end":{"line":61,"column":51}},"26":{"start":{"line":63,"column":4},"end":{"line":63,"column":24}},"27":{"start":{"line":67,"column":0},"end":{"line":71,"column":2}},"28":{"start":{"line":68,"column":2},"end":{"line":70,"column":null}},"29":{"start":{"line":69,"column":4},"end":{"line":69,"column":38}},"30":{"start":{"line":73,"column":0},"end":{"line":112,"column":2}},"31":{"start":{"line":73,"column":30},"end":{"line":73,"column":null}},"32":{"start":{"line":76,"column":36},"end":{"line":77,"column":null}},"33":{"start":{"line":79,"column":11},"end":{"line":79,"column":13}},"34":{"start":{"line":80,"column":2},"end":{"line":96,"column":null}},"35":{"start":{"line":81,"column":4},"end":{"line":81,"column":75}},"36":{"start":{"line":82,"column":4},"end":{"line":82,"column":40}},"37":{"start":{"line":83,"column":4},"end":{"line":91,"column":null}},"38":{"start":{"line":84,"column":6},"end":{"line":89,"column":8}},"39":{"start":{"line":90,"column":6},"end":{"line":90,"column":42}},"40":{"start":{"line":93,"column":4},"end":{"line":95,"column":6}},"41":{"start":{"line":98,"column":2},"end":{"line":111,"column":4}},"42":{"start":{"line":100,"column":6},"end":{"line":100,"column":27}},"43":{"start":{"line":101,"column":6},"end":{"line":108,"column":null}},"44":{"start":{"line":102,"column":8},"end":{"line":107,"column":10}},"45":{"start":{"line":118,"column":0},"end":{"line":120,"column":2}},"46":{"start":{"line":119,"column":2},"end":{"line":119,"column":30}},"47":{"start":{"line":125,"column":0},"end":{"line":127,"column":2}},"48":{"start":{"line":125,"column":29},"end":{"line":125,"column":null}},"49":{"start":{"line":126,"column":2},"end":{"line":126,"column":72}},"50":{"start":{"line":126,"column":49},"end":{"line":126,"column":71}},"51":{"start":{"line":133,"column":0},"end":{"line":140,"column":2}},"52":{"start":{"line":136,"column":2},"end":{"line":138,"column":null}},"53":{"start":{"line":137,"column":4},"end":{"line":137,"column":28}},"54":{"start":{"line":139,"column":2},"end":{"line":139,"column":20}},"55":{"start":{"line":142,"column":0},"end":{"line":142,"column":23}}},"fnMap":{"0":{"name":"(anonymous_2)","decl":{"start":{"line":26,"column":0},"end":{"line":26,"column":null}},"loc":{"start":{"line":26,"column":0},"end":{"line":34,"column":null}}},"1":{"name":"Subject","decl":{"start":{"line":27,"column":2},"end":{"line":27,"column":14}},"loc":{"start":{"line":27,"column":44},"end":{"line":33,"column":3}}},"2":{"name":"(anonymous_4)","decl":{"start":{"line":32,"column":18},"end":{"line":32,"column":19}},"loc":{"start":{"line":32,"column":28},"end":{"line":32,"column":42}}},"3":{"name":"(anonymous_5)","decl":{"start":{"line":36,"column":25},"end":{"line":36,"column":35}},"loc":{"start":{"line":36,"column":44},"end":{"line":57,"column":1}}},"4":{"name":"(anonymous_6)","decl":{"start":{"line":38,"column":40},"end":{"line":38,"column":41}},"loc":{"start":{"line":38,"column":44},"end":{"line":42,"column":3}}},"5":{"name":"(anonymous_7)","decl":{"start":{"line":59,"column":31},"end":{"line":59,"column":41}},"loc":{"start":{"line":59,"column":49},"end":{"line":65,"column":1}}},"6":{"name":"(anonymous_8)","decl":{"start":{"line":67,"column":29},"end":{"line":67,"column":39}},"loc":{"start":{"line":67,"column":76},"end":{"line":71,"column":1}}},"7":{"name":"(anonymous_9)","decl":{"start":{"line":73,"column":30},"end":{"line":73,"column":null}},"loc":{"start":{"line":74,"column":31},"end":{"line":112,"column":1}}},"8":{"name":"(anonymous_10)","decl":{"start":{"line":99,"column":17},"end":{"line":99,"column":null}},"loc":{"start":{"line":99,"column":17},"end":{"line":109,"column":5}}},"9":{"name":"(anonymous_11)","decl":{"start":{"line":118,"column":32},"end":{"line":118,"column":42}},"loc":{"start":{"line":118,"column":44},"end":{"line":120,"column":1}}},"10":{"name":"(anonymous_12)","decl":{"start":{"line":125,"column":29},"end":{"line":125,"column":null}},"loc":{"start":{"line":125,"column":29},"end":{"line":127,"column":1}}},"11":{"name":"(anonymous_13)","decl":{"start":{"line":126,"column":40},"end":{"line":126,"column":41}},"loc":{"start":{"line":126,"column":44},"end":{"line":126,"column":53}}},"12":{"name":"(anonymous_14)","decl":{"start":{"line":133,"column":25},"end":{"line":133,"column":null}},"loc":{"start":{"line":134,"column":14},"end":{"line":140,"column":1}}}},"branchMap":{"0":{"loc":{"start":{"line":30,"column":16},"end":{"line":30,"column":20}},"type":"binary-expr","locations":[{"start":{"line":30,"column":16},"end":{"line":30,"column":20}},{"start":{"line":30,"column":24},"end":{"line":30,"column":32}}]},"1":{"loc":{"start":{"line":39,"column":4},"end":{"line":41,"column":null}},"type":"if","locations":[{"start":{"line":39,"column":4},"end":{"line":41,"column":null}},{"start":{"line":39,"column":4},"end":{"line":41,"column":null}}]},"2":{"loc":{"start":{"line":43,"column":2},"end":{"line":56,"column":null}},"type":"if","locations":[{"start":{"line":43,"column":2},"end":{"line":56,"column":null}},{"start":{"line":43,"column":2},"end":{"line":56,"column":null}}]},"3":{"loc":{"start":{"line":44,"column":4},"end":{"line":55,"column":null}},"type":"if","locations":[{"start":{"line":44,"column":4},"end":{"line":55,"column":null}},{"start":{"line":44,"column":4},"end":{"line":55,"column":null}}]},"4":{"loc":{"start":{"line":68,"column":2},"end":{"line":70,"column":null}},"type":"if","locations":[{"start":{"line":68,"column":2},"end":{"line":70,"column":null}},{"start":{"line":68,"column":2},"end":{"line":70,"column":null}}]},"5":{"loc":{"start":{"line":80,"column":2},"end":{"line":96,"column":null}},"type":"if","locations":[{"start":{"line":80,"column":2},"end":{"line":96,"column":null}},{"start":{"line":80,"column":2},"end":{"line":96,"column":null}}]},"6":{"loc":{"start":{"line":83,"column":4},"end":{"line":91,"column":null}},"type":"if","locations":[{"start":{"line":83,"column":4},"end":{"line":91,"column":null}},{"start":{"line":83,"column":4},"end":{"line":91,"column":null}}]},"7":{"loc":{"start":{"line":101,"column":6},"end":{"line":108,"column":null}},"type":"if","locations":[{"start":{"line":101,"column":6},"end":{"line":108,"column":null}},{"start":{"line":101,"column":6},"end":{"line":108,"column":null}}]},"8":{"loc":{"start":{"line":136,"column":2},"end":{"line":138,"column":null}},"type":"if","locations":[{"start":{"line":136,"column":2},"end":{"line":138,"column":null}},{"start":{"line":136,"column":2},"end":{"line":138,"column":null}}]}},"s":{"0":1,"1":1,"2":3,"3":3,"4":3,"5":3,"6":3,"7":4,"8":1,"9":1,"10":4,"11":4,"12":4,"13":0,"14":0,"15":4,"16":0,"17":0,"18":0,"19":0,"20":0,"21":0,"22":0,"23":1,"24":2,"25":2,"26":1,"27":1,"28":1,"29":1,"30":1,"31":1,"32":1,"33":1,"34":1,"35":1,"36":1,"37":1,"38":0,"39":0,"40":0,"41":1,"42":1,"43":1,"44":0,"45":1,"46":1,"47":1,"48":0,"49":0,"50":0,"51":1,"52":1,"53":0,"54":1,"55":1},"f":{"0":1,"1":3,"2":4,"3":4,"4":0,"5":2,"6":1,"7":1,"8":1,"9":1,"10":0,"11":0,"12":1},"b":{"0":[3,2],"1":[0,0],"2":[0,4],"3":[0,0],"4":[1,0],"5":[1,0],"6":[0,1],"7":[0,1],"8":[0,1]}}
}
